time=2024-08-24T15:30:25.051+05:00 level=INFO msg="Register is starting"
time=2024-08-24T15:30:25.052+05:00 level=ERROR msg="Invalid email"
time=2024-08-24T15:32:57.815+05:00 level=INFO msg="Register is starting"
time=2024-08-24T15:33:17.837+05:00 level=ERROR msg="rpc error: code = Unavailable desc = connection error: desc = \"transport: Error while dialing: dial tcp [::1]:50051: connect: connection refused\""
time=2024-08-24T15:36:09.187+05:00 level=INFO msg="Register is starting"
time=2024-08-24T15:36:29.201+05:00 level=ERROR msg="rpc error: code = Unavailable desc = connection error: desc = \"transport: Error while dialing: dial tcp [::1]:50051: connect: connection refused\""
time=2024-08-24T15:36:54.472+05:00 level=INFO msg="Register is starting"
time=2024-08-24T15:37:14.502+05:00 level=ERROR msg="rpc error: code = Unavailable desc = connection error: desc = \"error reading server preface: read tcp [::1]:62541->[::1]:50051: use of closed network connection\""
time=2024-08-24T15:43:11.304+05:00 level=INFO msg="Register is starting"
time=2024-08-24T15:43:11.322+05:00 level=INFO msg="Register rpc methos is working"
time=2024-08-24T15:43:11.446+05:00 level=INFO msg="Register rpc method finished"
time=2024-08-24T15:43:11.447+05:00 level=INFO msg="Register ended"
time=2024-08-24T15:43:29.604+05:00 level=INFO msg="Login is working"
time=2024-08-24T15:43:29.605+05:00 level=INFO msg="Login rpc method is working"
time=2024-08-24T15:43:29.715+05:00 level=INFO msg="Login rpc method finished"
time=2024-08-24T15:43:29.716+05:00 level=INFO msg="login is succesfully ended"
time=2024-08-24T15:43:51.129+05:00 level=INFO msg="ForgotPassword is working"
time=2024-08-24T15:43:52.587+05:00 level=INFO msg="ForgotPassword succeeded"
time=2024-08-24T15:45:54.481+05:00 level=INFO msg="GetUserProfile is working"
time=2024-08-24T15:45:54.482+05:00 level=INFO msg="GetUserById rpc method is working"
time=2024-08-24T15:45:54.497+05:00 level=INFO msg="GetUserById rpc method finished"
time=2024-08-24T15:45:54.497+05:00 level=INFO msg="GetUserProfile successful finished"
time=2024-08-24T15:46:16.360+05:00 level=INFO msg="Refresh is working"
time=2024-08-24T15:46:16.361+05:00 level=INFO msg="Refresh is succesfully ended"
time=2024-08-24T15:46:31.391+05:00 level=INFO msg="GetUserProfile is working"
time=2024-08-24T15:46:31.391+05:00 level=INFO msg="GetUserById rpc method is working"
time=2024-08-24T15:46:31.392+05:00 level=INFO msg="GetUserById rpc method finished"
time=2024-08-24T15:46:31.392+05:00 level=INFO msg="GetUserProfile successful finished"
time=2024-08-24T15:46:42.047+05:00 level=INFO msg="UploadMediaUser started"
time=2024-08-24T15:46:42.049+05:00 level=INFO msg="UpdateUser rpc method is working"
time=2024-08-24T15:46:42.055+05:00 level=INFO msg="UpdateUser rpc method finished"
time=2024-08-24T15:46:42.055+05:00 level=INFO msg="UploadMediaUser finished successfully"
time=2024-08-24T15:48:48.298+05:00 level=INFO msg="GetUserProfile is working"
time=2024-08-24T15:48:48.299+05:00 level=INFO msg="GetUserById rpc method is working"
time=2024-08-24T15:48:48.317+05:00 level=INFO msg="GetUserById rpc method finished"
time=2024-08-24T15:48:48.318+05:00 level=INFO msg="GetUserProfile successful finished"
